<?xml version="1.0" encoding="UTF-8"?>
<testsuite xmlns:xsi="http://www.w3.org/2001/XMLSchema-instance" xsi:noNamespaceSchemaLocation="https://maven.apache.org/surefire/maven-surefire-plugin/xsd/surefire-test-report.xsd" name="day06.GoogleWeatherParameterizedTest" time="67.349" tests="8" errors="0" skipped="0" failures="0">
  <properties>
    <property name="java.specification.version" value="16"/>
    <property name="webdriver.chrome.driver" value="/Users/esrakucuk/.cache/selenium/chromedriver/mac64/95.0.4638.69/chromedriver"/>
    <property name="sun.jnu.encoding" value="UTF-8"/>
    <property name="java.class.path" value="/Users/esrakucuk/eclipse-workspace/com.Batch30Maven/target/test-classes:/Users/esrakucuk/eclipse-workspace/com.Batch30Maven/target/classes:/Users/esrakucuk/.m2/repository/io/github/bonigarcia/webdrivermanager/4.4.3/webdrivermanager-4.4.3.jar:/Users/esrakucuk/.m2/repository/org/slf4j/slf4j-api/1.7.30/slf4j-api-1.7.30.jar:/Users/esrakucuk/.m2/repository/commons-io/commons-io/2.8.0/commons-io-2.8.0.jar:/Users/esrakucuk/.m2/repository/com/google/code/gson/gson/2.8.6/gson-2.8.6.jar:/Users/esrakucuk/.m2/repository/org/apache/commons/commons-lang3/3.12.0/commons-lang3-3.12.0.jar:/Users/esrakucuk/.m2/repository/org/apache/httpcomponents/client5/httpclient5/5.0.3/httpclient5-5.0.3.jar:/Users/esrakucuk/.m2/repository/org/apache/httpcomponents/core5/httpcore5/5.0.2/httpcore5-5.0.2.jar:/Users/esrakucuk/.m2/repository/org/apache/httpcomponents/core5/httpcore5-h2/5.0.2/httpcore5-h2-5.0.2.jar:/Users/esrakucuk/.m2/repository/commons-codec/commons-codec/1.13/commons-codec-1.13.jar:/Users/esrakucuk/.m2/repository/org/rauschig/jarchivelib/1.1.0/jarchivelib-1.1.0.jar:/Users/esrakucuk/.m2/repository/org/apache/commons/commons-compress/1.20/commons-compress-1.20.jar:/Users/esrakucuk/.m2/repository/org/jsoup/jsoup/1.13.1/jsoup-1.13.1.jar:/Users/esrakucuk/.m2/repository/org/seleniumhq/selenium/selenium-java/3.141.59/selenium-java-3.141.59.jar:/Users/esrakucuk/.m2/repository/org/seleniumhq/selenium/selenium-api/3.141.59/selenium-api-3.141.59.jar:/Users/esrakucuk/.m2/repository/org/seleniumhq/selenium/selenium-chrome-driver/3.141.59/selenium-chrome-driver-3.141.59.jar:/Users/esrakucuk/.m2/repository/org/seleniumhq/selenium/selenium-edge-driver/3.141.59/selenium-edge-driver-3.141.59.jar:/Users/esrakucuk/.m2/repository/org/seleniumhq/selenium/selenium-firefox-driver/3.141.59/selenium-firefox-driver-3.141.59.jar:/Users/esrakucuk/.m2/repository/org/seleniumhq/selenium/selenium-ie-driver/3.141.59/selenium-ie-driver-3.141.59.jar:/Users/esrakucuk/.m2/repository/org/seleniumhq/selenium/selenium-opera-driver/3.141.59/selenium-opera-driver-3.141.59.jar:/Users/esrakucuk/.m2/repository/org/seleniumhq/selenium/selenium-remote-driver/3.141.59/selenium-remote-driver-3.141.59.jar:/Users/esrakucuk/.m2/repository/org/seleniumhq/selenium/selenium-safari-driver/3.141.59/selenium-safari-driver-3.141.59.jar:/Users/esrakucuk/.m2/repository/org/seleniumhq/selenium/selenium-support/3.141.59/selenium-support-3.141.59.jar:/Users/esrakucuk/.m2/repository/net/bytebuddy/byte-buddy/1.8.15/byte-buddy-1.8.15.jar:/Users/esrakucuk/.m2/repository/org/apache/commons/commons-exec/1.3/commons-exec-1.3.jar:/Users/esrakucuk/.m2/repository/com/google/guava/guava/25.0-jre/guava-25.0-jre.jar:/Users/esrakucuk/.m2/repository/com/google/code/findbugs/jsr305/1.3.9/jsr305-1.3.9.jar:/Users/esrakucuk/.m2/repository/org/checkerframework/checker-compat-qual/2.0.0/checker-compat-qual-2.0.0.jar:/Users/esrakucuk/.m2/repository/com/google/errorprone/error_prone_annotations/2.1.3/error_prone_annotations-2.1.3.jar:/Users/esrakucuk/.m2/repository/com/google/j2objc/j2objc-annotations/1.1/j2objc-annotations-1.1.jar:/Users/esrakucuk/.m2/repository/org/codehaus/mojo/animal-sniffer-annotations/1.14/animal-sniffer-annotations-1.14.jar:/Users/esrakucuk/.m2/repository/com/squareup/okhttp3/okhttp/3.11.0/okhttp-3.11.0.jar:/Users/esrakucuk/.m2/repository/com/squareup/okio/okio/1.14.0/okio-1.14.0.jar:/Users/esrakucuk/.m2/repository/junit/junit/4.13.1/junit-4.13.1.jar:/Users/esrakucuk/.m2/repository/org/hamcrest/hamcrest-core/1.3/hamcrest-core-1.3.jar:/Users/esrakucuk/.m2/repository/org/apache/maven/plugins/maven-surefire-report-plugin/3.0.0-M5/maven-surefire-report-plugin-3.0.0-M5.jar:/Users/esrakucuk/.m2/repository/org/apache/maven/surefire/surefire-report-parser/3.0.0-M5/surefire-report-parser-3.0.0-M5.jar:/Users/esrakucuk/.m2/repository/org/apache/maven/surefire/surefire-logger-api/3.0.0-M5/surefire-logger-api-3.0.0-M5.jar:/Users/esrakucuk/.m2/repository/org/apache/maven/surefire/surefire-shared-utils/3.0.0-M4/surefire-shared-utils-3.0.0-M4.jar:/Users/esrakucuk/.m2/repository/org/apache/maven/reporting/maven-reporting-api/3.0/maven-reporting-api-3.0.jar:/Users/esrakucuk/.m2/repository/org/apache/maven/maven-plugin-api/3.0/maven-plugin-api-3.0.jar:/Users/esrakucuk/.m2/repository/org/apache/maven/maven-model/3.0/maven-model-3.0.jar:/Users/esrakucuk/.m2/repository/org/apache/maven/maven-artifact/3.0/maven-artifact-3.0.jar:/Users/esrakucuk/.m2/repository/org/sonatype/sisu/sisu-inject-plexus/1.4.2/sisu-inject-plexus-1.4.2.jar:/Users/esrakucuk/.m2/repository/org/codehaus/plexus/plexus-classworlds/2.2.3/plexus-classworlds-2.2.3.jar:/Users/esrakucuk/.m2/repository/org/sonatype/sisu/sisu-inject-bean/1.4.2/sisu-inject-bean-1.4.2.jar:/Users/esrakucuk/.m2/repository/org/sonatype/sisu/sisu-guice/2.1.7/sisu-guice-2.1.7-noaop.jar:/Users/esrakucuk/.m2/repository/org/apache/maven/reporting/maven-reporting-impl/3.0.0/maven-reporting-impl-3.0.0.jar:/Users/esrakucuk/.m2/repository/org/apache/maven/maven-core/3.0/maven-core-3.0.jar:/Users/esrakucuk/.m2/repository/org/apache/maven/maven-settings/3.0/maven-settings-3.0.jar:/Users/esrakucuk/.m2/repository/org/apache/maven/maven-settings-builder/3.0/maven-settings-builder-3.0.jar:/Users/esrakucuk/.m2/repository/org/apache/maven/maven-repository-metadata/3.0/maven-repository-metadata-3.0.jar:/Users/esrakucuk/.m2/repository/org/apache/maven/maven-model-builder/3.0/maven-model-builder-3.0.jar:/Users/esrakucuk/.m2/repository/org/apache/maven/maven-aether-provider/3.0/maven-aether-provider-3.0.jar:/Users/esrakucuk/.m2/repository/org/sonatype/aether/aether-impl/1.7/aether-impl-1.7.jar:/Users/esrakucuk/.m2/repository/org/sonatype/aether/aether-spi/1.7/aether-spi-1.7.jar:/Users/esrakucuk/.m2/repository/org/sonatype/aether/aether-api/1.7/aether-api-1.7.jar:/Users/esrakucuk/.m2/repository/org/sonatype/aether/aether-util/1.7/aether-util-1.7.jar:/Users/esrakucuk/.m2/repository/org/codehaus/plexus/plexus-interpolation/1.14/plexus-interpolation-1.14.jar:/Users/esrakucuk/.m2/repository/org/sonatype/plexus/plexus-sec-dispatcher/1.3/plexus-sec-dispatcher-1.3.jar:/Users/esrakucuk/.m2/repository/org/sonatype/plexus/plexus-cipher/1.4/plexus-cipher-1.4.jar:/Users/esrakucuk/.m2/repository/org/apache/maven/shared/maven-shared-utils/3.2.0/maven-shared-utils-3.2.0.jar:/Users/esrakucuk/.m2/repository/org/codehaus/plexus/plexus-utils/3.0.24/plexus-utils-3.0.24.jar:/Users/esrakucuk/.m2/repository/org/apache/maven/doxia/doxia-sink-api/1.9.1/doxia-sink-api-1.9.1.jar:/Users/esrakucuk/.m2/repository/org/apache/maven/doxia/doxia-logging-api/1.9.1/doxia-logging-api-1.9.1.jar:/Users/esrakucuk/.m2/repository/org/apache/maven/doxia/doxia-decoration-model/1.9.2/doxia-decoration-model-1.9.2.jar:/Users/esrakucuk/.m2/repository/org/codehaus/plexus/plexus-component-annotations/2.0.0/plexus-component-annotations-2.0.0.jar:/Users/esrakucuk/.m2/repository/org/apache/maven/doxia/doxia-core/1.9.1/doxia-core-1.9.1.jar:/Users/esrakucuk/.m2/repository/org/codehaus/plexus/plexus-container-default/1.7.1/plexus-container-default-1.7.1.jar:/Users/esrakucuk/.m2/repository/org/apache/xbean/xbean-reflect/3.7/xbean-reflect-3.7.jar:/Users/esrakucuk/.m2/repository/com/google/collections/google-collections/1.0/google-collections-1.0.jar:/Users/esrakucuk/.m2/repository/org/apache/httpcomponents/httpclient/4.5.8/httpclient-4.5.8.jar:/Users/esrakucuk/.m2/repository/commons-logging/commons-logging/1.2/commons-logging-1.2.jar:/Users/esrakucuk/.m2/repository/org/apache/httpcomponents/httpcore/4.4.11/httpcore-4.4.11.jar:/Users/esrakucuk/.m2/repository/org/apache/maven/doxia/doxia-site-renderer/1.9.2/doxia-site-renderer-1.9.2.jar:/Users/esrakucuk/.m2/repository/org/apache/maven/doxia/doxia-skin-model/1.9.2/doxia-skin-model-1.9.2.jar:/Users/esrakucuk/.m2/repository/org/apache/maven/doxia/doxia-module-xhtml/1.9.1/doxia-module-xhtml-1.9.1.jar:/Users/esrakucuk/.m2/repository/org/apache/maven/doxia/doxia-module-xhtml5/1.9.1/doxia-module-xhtml5-1.9.1.jar:/Users/esrakucuk/.m2/repository/org/codehaus/plexus/plexus-i18n/1.0-beta-10/plexus-i18n-1.0-beta-10.jar:/Users/esrakucuk/.m2/repository/org/codehaus/plexus/plexus-velocity/1.2/plexus-velocity-1.2.jar:/Users/esrakucuk/.m2/repository/org/apache/velocity/velocity/1.7/velocity-1.7.jar:/Users/esrakucuk/.m2/repository/org/apache/velocity/velocity-tools/2.0/velocity-tools-2.0.jar:/Users/esrakucuk/.m2/repository/commons-beanutils/commons-beanutils/1.7.0/commons-beanutils-1.7.0.jar:/Users/esrakucuk/.m2/repository/commons-digester/commons-digester/1.8/commons-digester-1.8.jar:/Users/esrakucuk/.m2/repository/commons-chain/commons-chain/1.1/commons-chain-1.1.jar:/Users/esrakucuk/.m2/repository/dom4j/dom4j/1.1/dom4j-1.1.jar:/Users/esrakucuk/.m2/repository/oro/oro/2.0.8/oro-2.0.8.jar:/Users/esrakucuk/.m2/repository/commons-collections/commons-collections/3.2.2/commons-collections-3.2.2.jar:/Users/esrakucuk/.m2/repository/commons-lang/commons-lang/2.6/commons-lang-2.6.jar:/Users/esrakucuk/.m2/repository/org/assertj/assertj-core/3.8.0/assertj-core-3.8.0.jar:/Users/esrakucuk/.m2/repository/com/saucelabs/sauce_junit/2.1.20/sauce_junit-2.1.20.jar:/Users/esrakucuk/.m2/repository/com/saucelabs/sauce_java_common/2.1.20/sauce_java_common-2.1.20.jar:/Users/esrakucuk/.m2/repository/com/saucelabs/saucerest/1.0.22/saucerest-1.0.22.jar:/Users/esrakucuk/.m2/repository/com/googlecode/json-simple/json-simple/1.1/json-simple-1.1.jar:/Users/esrakucuk/.m2/repository/org/json/json/20090211/json-20090211.jar:"/>
    <property name="java.vm.vendor" value="Homebrew"/>
    <property name="sun.arch.data.model" value="64"/>
    <property name="java.vendor.url" value="https://github.com/Homebrew/homebrew-core/issues"/>
    <property name="user.timezone" value="Europe/Berlin"/>
    <property name="os.name" value="Mac OS X"/>
    <property name="java.vm.specification.version" value="16"/>
    <property name="sun.java.launcher" value="SUN_STANDARD"/>
    <property name="user.country" value="DE"/>
    <property name="sun.boot.library.path" value="/usr/local/Cellar/openjdk/16.0.2/libexec/openjdk.jdk/Contents/Home/lib"/>
    <property name="sun.java.command" value="/Users/esrakucuk/eclipse-workspace/com.Batch30Maven/target/surefire/surefirebooter16335511418574116513.jar /Users/esrakucuk/eclipse-workspace/com.Batch30Maven/target/surefire 2021-11-13T14-13-26_405-jvmRun1 surefire2371351970698684127tmp surefire_03116190015603600966tmp"/>
    <property name="http.nonProxyHosts" value="local|*.local|169.254/16|*.169.254/16"/>
    <property name="jdk.debug" value="release"/>
    <property name="test" value="GoogleWeatherParameterizedTest"/>
    <property name="surefire.test.class.path" value="/Users/esrakucuk/eclipse-workspace/com.Batch30Maven/target/test-classes:/Users/esrakucuk/eclipse-workspace/com.Batch30Maven/target/classes:/Users/esrakucuk/.m2/repository/io/github/bonigarcia/webdrivermanager/4.4.3/webdrivermanager-4.4.3.jar:/Users/esrakucuk/.m2/repository/org/slf4j/slf4j-api/1.7.30/slf4j-api-1.7.30.jar:/Users/esrakucuk/.m2/repository/commons-io/commons-io/2.8.0/commons-io-2.8.0.jar:/Users/esrakucuk/.m2/repository/com/google/code/gson/gson/2.8.6/gson-2.8.6.jar:/Users/esrakucuk/.m2/repository/org/apache/commons/commons-lang3/3.12.0/commons-lang3-3.12.0.jar:/Users/esrakucuk/.m2/repository/org/apache/httpcomponents/client5/httpclient5/5.0.3/httpclient5-5.0.3.jar:/Users/esrakucuk/.m2/repository/org/apache/httpcomponents/core5/httpcore5/5.0.2/httpcore5-5.0.2.jar:/Users/esrakucuk/.m2/repository/org/apache/httpcomponents/core5/httpcore5-h2/5.0.2/httpcore5-h2-5.0.2.jar:/Users/esrakucuk/.m2/repository/commons-codec/commons-codec/1.13/commons-codec-1.13.jar:/Users/esrakucuk/.m2/repository/org/rauschig/jarchivelib/1.1.0/jarchivelib-1.1.0.jar:/Users/esrakucuk/.m2/repository/org/apache/commons/commons-compress/1.20/commons-compress-1.20.jar:/Users/esrakucuk/.m2/repository/org/jsoup/jsoup/1.13.1/jsoup-1.13.1.jar:/Users/esrakucuk/.m2/repository/org/seleniumhq/selenium/selenium-java/3.141.59/selenium-java-3.141.59.jar:/Users/esrakucuk/.m2/repository/org/seleniumhq/selenium/selenium-api/3.141.59/selenium-api-3.141.59.jar:/Users/esrakucuk/.m2/repository/org/seleniumhq/selenium/selenium-chrome-driver/3.141.59/selenium-chrome-driver-3.141.59.jar:/Users/esrakucuk/.m2/repository/org/seleniumhq/selenium/selenium-edge-driver/3.141.59/selenium-edge-driver-3.141.59.jar:/Users/esrakucuk/.m2/repository/org/seleniumhq/selenium/selenium-firefox-driver/3.141.59/selenium-firefox-driver-3.141.59.jar:/Users/esrakucuk/.m2/repository/org/seleniumhq/selenium/selenium-ie-driver/3.141.59/selenium-ie-driver-3.141.59.jar:/Users/esrakucuk/.m2/repository/org/seleniumhq/selenium/selenium-opera-driver/3.141.59/selenium-opera-driver-3.141.59.jar:/Users/esrakucuk/.m2/repository/org/seleniumhq/selenium/selenium-remote-driver/3.141.59/selenium-remote-driver-3.141.59.jar:/Users/esrakucuk/.m2/repository/org/seleniumhq/selenium/selenium-safari-driver/3.141.59/selenium-safari-driver-3.141.59.jar:/Users/esrakucuk/.m2/repository/org/seleniumhq/selenium/selenium-support/3.141.59/selenium-support-3.141.59.jar:/Users/esrakucuk/.m2/repository/net/bytebuddy/byte-buddy/1.8.15/byte-buddy-1.8.15.jar:/Users/esrakucuk/.m2/repository/org/apache/commons/commons-exec/1.3/commons-exec-1.3.jar:/Users/esrakucuk/.m2/repository/com/google/guava/guava/25.0-jre/guava-25.0-jre.jar:/Users/esrakucuk/.m2/repository/com/google/code/findbugs/jsr305/1.3.9/jsr305-1.3.9.jar:/Users/esrakucuk/.m2/repository/org/checkerframework/checker-compat-qual/2.0.0/checker-compat-qual-2.0.0.jar:/Users/esrakucuk/.m2/repository/com/google/errorprone/error_prone_annotations/2.1.3/error_prone_annotations-2.1.3.jar:/Users/esrakucuk/.m2/repository/com/google/j2objc/j2objc-annotations/1.1/j2objc-annotations-1.1.jar:/Users/esrakucuk/.m2/repository/org/codehaus/mojo/animal-sniffer-annotations/1.14/animal-sniffer-annotations-1.14.jar:/Users/esrakucuk/.m2/repository/com/squareup/okhttp3/okhttp/3.11.0/okhttp-3.11.0.jar:/Users/esrakucuk/.m2/repository/com/squareup/okio/okio/1.14.0/okio-1.14.0.jar:/Users/esrakucuk/.m2/repository/junit/junit/4.13.1/junit-4.13.1.jar:/Users/esrakucuk/.m2/repository/org/hamcrest/hamcrest-core/1.3/hamcrest-core-1.3.jar:/Users/esrakucuk/.m2/repository/org/apache/maven/plugins/maven-surefire-report-plugin/3.0.0-M5/maven-surefire-report-plugin-3.0.0-M5.jar:/Users/esrakucuk/.m2/repository/org/apache/maven/surefire/surefire-report-parser/3.0.0-M5/surefire-report-parser-3.0.0-M5.jar:/Users/esrakucuk/.m2/repository/org/apache/maven/surefire/surefire-logger-api/3.0.0-M5/surefire-logger-api-3.0.0-M5.jar:/Users/esrakucuk/.m2/repository/org/apache/maven/surefire/surefire-shared-utils/3.0.0-M4/surefire-shared-utils-3.0.0-M4.jar:/Users/esrakucuk/.m2/repository/org/apache/maven/reporting/maven-reporting-api/3.0/maven-reporting-api-3.0.jar:/Users/esrakucuk/.m2/repository/org/apache/maven/maven-plugin-api/3.0/maven-plugin-api-3.0.jar:/Users/esrakucuk/.m2/repository/org/apache/maven/maven-model/3.0/maven-model-3.0.jar:/Users/esrakucuk/.m2/repository/org/apache/maven/maven-artifact/3.0/maven-artifact-3.0.jar:/Users/esrakucuk/.m2/repository/org/sonatype/sisu/sisu-inject-plexus/1.4.2/sisu-inject-plexus-1.4.2.jar:/Users/esrakucuk/.m2/repository/org/codehaus/plexus/plexus-classworlds/2.2.3/plexus-classworlds-2.2.3.jar:/Users/esrakucuk/.m2/repository/org/sonatype/sisu/sisu-inject-bean/1.4.2/sisu-inject-bean-1.4.2.jar:/Users/esrakucuk/.m2/repository/org/sonatype/sisu/sisu-guice/2.1.7/sisu-guice-2.1.7-noaop.jar:/Users/esrakucuk/.m2/repository/org/apache/maven/reporting/maven-reporting-impl/3.0.0/maven-reporting-impl-3.0.0.jar:/Users/esrakucuk/.m2/repository/org/apache/maven/maven-core/3.0/maven-core-3.0.jar:/Users/esrakucuk/.m2/repository/org/apache/maven/maven-settings/3.0/maven-settings-3.0.jar:/Users/esrakucuk/.m2/repository/org/apache/maven/maven-settings-builder/3.0/maven-settings-builder-3.0.jar:/Users/esrakucuk/.m2/repository/org/apache/maven/maven-repository-metadata/3.0/maven-repository-metadata-3.0.jar:/Users/esrakucuk/.m2/repository/org/apache/maven/maven-model-builder/3.0/maven-model-builder-3.0.jar:/Users/esrakucuk/.m2/repository/org/apache/maven/maven-aether-provider/3.0/maven-aether-provider-3.0.jar:/Users/esrakucuk/.m2/repository/org/sonatype/aether/aether-impl/1.7/aether-impl-1.7.jar:/Users/esrakucuk/.m2/repository/org/sonatype/aether/aether-spi/1.7/aether-spi-1.7.jar:/Users/esrakucuk/.m2/repository/org/sonatype/aether/aether-api/1.7/aether-api-1.7.jar:/Users/esrakucuk/.m2/repository/org/sonatype/aether/aether-util/1.7/aether-util-1.7.jar:/Users/esrakucuk/.m2/repository/org/codehaus/plexus/plexus-interpolation/1.14/plexus-interpolation-1.14.jar:/Users/esrakucuk/.m2/repository/org/sonatype/plexus/plexus-sec-dispatcher/1.3/plexus-sec-dispatcher-1.3.jar:/Users/esrakucuk/.m2/repository/org/sonatype/plexus/plexus-cipher/1.4/plexus-cipher-1.4.jar:/Users/esrakucuk/.m2/repository/org/apache/maven/shared/maven-shared-utils/3.2.0/maven-shared-utils-3.2.0.jar:/Users/esrakucuk/.m2/repository/org/codehaus/plexus/plexus-utils/3.0.24/plexus-utils-3.0.24.jar:/Users/esrakucuk/.m2/repository/org/apache/maven/doxia/doxia-sink-api/1.9.1/doxia-sink-api-1.9.1.jar:/Users/esrakucuk/.m2/repository/org/apache/maven/doxia/doxia-logging-api/1.9.1/doxia-logging-api-1.9.1.jar:/Users/esrakucuk/.m2/repository/org/apache/maven/doxia/doxia-decoration-model/1.9.2/doxia-decoration-model-1.9.2.jar:/Users/esrakucuk/.m2/repository/org/codehaus/plexus/plexus-component-annotations/2.0.0/plexus-component-annotations-2.0.0.jar:/Users/esrakucuk/.m2/repository/org/apache/maven/doxia/doxia-core/1.9.1/doxia-core-1.9.1.jar:/Users/esrakucuk/.m2/repository/org/codehaus/plexus/plexus-container-default/1.7.1/plexus-container-default-1.7.1.jar:/Users/esrakucuk/.m2/repository/org/apache/xbean/xbean-reflect/3.7/xbean-reflect-3.7.jar:/Users/esrakucuk/.m2/repository/com/google/collections/google-collections/1.0/google-collections-1.0.jar:/Users/esrakucuk/.m2/repository/org/apache/httpcomponents/httpclient/4.5.8/httpclient-4.5.8.jar:/Users/esrakucuk/.m2/repository/commons-logging/commons-logging/1.2/commons-logging-1.2.jar:/Users/esrakucuk/.m2/repository/org/apache/httpcomponents/httpcore/4.4.11/httpcore-4.4.11.jar:/Users/esrakucuk/.m2/repository/org/apache/maven/doxia/doxia-site-renderer/1.9.2/doxia-site-renderer-1.9.2.jar:/Users/esrakucuk/.m2/repository/org/apache/maven/doxia/doxia-skin-model/1.9.2/doxia-skin-model-1.9.2.jar:/Users/esrakucuk/.m2/repository/org/apache/maven/doxia/doxia-module-xhtml/1.9.1/doxia-module-xhtml-1.9.1.jar:/Users/esrakucuk/.m2/repository/org/apache/maven/doxia/doxia-module-xhtml5/1.9.1/doxia-module-xhtml5-1.9.1.jar:/Users/esrakucuk/.m2/repository/org/codehaus/plexus/plexus-i18n/1.0-beta-10/plexus-i18n-1.0-beta-10.jar:/Users/esrakucuk/.m2/repository/org/codehaus/plexus/plexus-velocity/1.2/plexus-velocity-1.2.jar:/Users/esrakucuk/.m2/repository/org/apache/velocity/velocity/1.7/velocity-1.7.jar:/Users/esrakucuk/.m2/repository/org/apache/velocity/velocity-tools/2.0/velocity-tools-2.0.jar:/Users/esrakucuk/.m2/repository/commons-beanutils/commons-beanutils/1.7.0/commons-beanutils-1.7.0.jar:/Users/esrakucuk/.m2/repository/commons-digester/commons-digester/1.8/commons-digester-1.8.jar:/Users/esrakucuk/.m2/repository/commons-chain/commons-chain/1.1/commons-chain-1.1.jar:/Users/esrakucuk/.m2/repository/dom4j/dom4j/1.1/dom4j-1.1.jar:/Users/esrakucuk/.m2/repository/oro/oro/2.0.8/oro-2.0.8.jar:/Users/esrakucuk/.m2/repository/commons-collections/commons-collections/3.2.2/commons-collections-3.2.2.jar:/Users/esrakucuk/.m2/repository/commons-lang/commons-lang/2.6/commons-lang-2.6.jar:/Users/esrakucuk/.m2/repository/org/assertj/assertj-core/3.8.0/assertj-core-3.8.0.jar:/Users/esrakucuk/.m2/repository/com/saucelabs/sauce_junit/2.1.20/sauce_junit-2.1.20.jar:/Users/esrakucuk/.m2/repository/com/saucelabs/sauce_java_common/2.1.20/sauce_java_common-2.1.20.jar:/Users/esrakucuk/.m2/repository/com/saucelabs/saucerest/1.0.22/saucerest-1.0.22.jar:/Users/esrakucuk/.m2/repository/com/googlecode/json-simple/json-simple/1.1/json-simple-1.1.jar:/Users/esrakucuk/.m2/repository/org/json/json/20090211/json-20090211.jar:"/>
    <property name="sun.cpu.endian" value="little"/>
    <property name="user.home" value="/Users/esrakucuk"/>
    <property name="user.language" value="tr"/>
    <property name="java.specification.vendor" value="Oracle Corporation"/>
    <property name="java.version.date" value="2021-07-20"/>
    <property name="java.home" value="/usr/local/Cellar/openjdk/16.0.2/libexec/openjdk.jdk/Contents/Home"/>
    <property name="file.separator" value="/"/>
    <property name="basedir" value="/Users/esrakucuk/eclipse-workspace/com.Batch30Maven"/>
    <property name="java.vm.compressedOopsMode" value="Zero based"/>
    <property name="line.separator" value="&#10;"/>
    <property name="java.specification.name" value="Java Platform API Specification"/>
    <property name="java.vm.specification.vendor" value="Oracle Corporation"/>
    <property name="surefire.real.class.path" value="/Users/esrakucuk/eclipse-workspace/com.Batch30Maven/target/surefire/surefirebooter16335511418574116513.jar"/>
    <property name="sun.management.compiler" value="HotSpot 64-Bit Tiered Compilers"/>
    <property name="ftp.nonProxyHosts" value="local|*.local|169.254/16|*.169.254/16"/>
    <property name="java.runtime.version" value="16.0.2+0"/>
    <property name="user.name" value="esrakucuk"/>
    <property name="path.separator" value=":"/>
    <property name="os.version" value="10.15.7"/>
    <property name="java.runtime.name" value="OpenJDK Runtime Environment"/>
    <property name="file.encoding" value="UTF-8"/>
    <property name="java.vm.name" value="OpenJDK 64-Bit Server VM"/>
    <property name="java.vendor.version" value="Homebrew"/>
    <property name="localRepository" value="/Users/esrakucuk/.m2/repository"/>
    <property name="java.vendor.url.bug" value="https://github.com/Homebrew/homebrew-core/issues"/>
    <property name="java.io.tmpdir" value="/var/folders/t1/8mgzd98546x63n7sv4gy7mz80000gn/T/"/>
    <property name="java.version" value="16.0.2"/>
    <property name="user.dir" value="/Users/esrakucuk/eclipse-workspace/com.Batch30Maven"/>
    <property name="os.arch" value="x86_64"/>
    <property name="java.vm.specification.name" value="Java Virtual Machine Specification"/>
    <property name="java.library.path" value="/Users/esrakucuk/Library/Java/Extensions:/Library/Java/Extensions:/Network/Library/Java/Extensions:/System/Library/Java/Extensions:/usr/lib/java:."/>
    <property name="java.vm.info" value="mixed mode, sharing"/>
    <property name="java.vendor" value="Homebrew"/>
    <property name="java.vm.version" value="16.0.2+0"/>
    <property name="sun.io.unicode.encoding" value="UnicodeBig"/>
    <property name="socksNonProxyHosts" value="local|*.local|169.254/16|*.169.254/16"/>
    <property name="java.class.version" value="60.0"/>
  </properties>
  <testcase name="googleWeather[1: com.google.weather.WeatherTest(Morocco)={1}]" classname="day06.GoogleWeatherParameterizedTest" time="67.032"/>
  <testcase name="googleWeather[0: com.google.weather.WeatherTest(Miami)={1}]" classname="day06.GoogleWeatherParameterizedTest" time="67.345"/>
  <testcase name="googleWeather[5: com.google.weather.WeatherTest(Istanbul)={1}]" classname="day06.GoogleWeatherParameterizedTest" time="63.708"/>
  <testcase name="googleWeather[4: com.google.weather.WeatherTest(Rome)={1}]" classname="day06.GoogleWeatherParameterizedTest" time="64.841"/>
  <testcase name="googleWeather[3: com.google.weather.WeatherTest(Berlin)={1}]" classname="day06.GoogleWeatherParameterizedTest" time="66.077"/>
  <testcase name="googleWeather[2: com.google.weather.WeatherTest(Greece)={1}]" classname="day06.GoogleWeatherParameterizedTest" time="66.668"/>
  <testcase name="googleWeather[6: com.google.weather.WeatherTest(Bursa)={1}]" classname="day06.GoogleWeatherParameterizedTest" time="64.799"/>
  <testcase name="googleWeather[7: com.google.weather.WeatherTest(Göbeklitepe)={1}]" classname="day06.GoogleWeatherParameterizedTest" time="64.671"/>
</testsuite>